Using pre-set license
Built from '2020.3/staging' branch; Version is '2020.3.26f1 (7298b473bc1a) revision 7510196'; Using compiler version '192528614'; Build Type 'Release'
OS: 'Windows 10  (10.0.19042) 64bit Professional' Language: 'en' Physical Memory: 16328 MB
BatchMode: 1, IsHumanControllingUs: 0, StartBugReporterOnCrash: 0, Is64bit: 1, IsPro: 0

COMMAND LINE ARGUMENTS:
C:\Program Files\Unity\Hub\Editor\2020.3.26f1\Editor\Unity.exe
-adb2
-batchMode
-noUpm
-name
AssetImportWorker0
-projectPath
C:/Unity_Projects/The_Odd_Case_of_Hekyll_&_Jyde
-logFile
Logs/AssetImportWorker0.log
-srvPort
59739
Successfully changed project path to: C:/Unity_Projects/The_Odd_Case_of_Hekyll_&_Jyde
C:/Unity_Projects/The_Odd_Case_of_Hekyll_&_Jyde
Using Asset Import Pipeline V2.
Refreshing native plugins compatible for Editor in 45.49 ms, found 3 plugins.
Preloading 0 native plugins for Editor in 0.00 ms.
Initialize engine version: 2020.3.26f1 (7298b473bc1a)
[Subsystems] Discovering subsystems at path C:/Program Files/Unity/Hub/Editor/2020.3.26f1/Editor/Data/Resources/UnitySubsystems
[Subsystems] Discovering subsystems at path C:/Unity_Projects/The_Odd_Case_of_Hekyll_&_Jyde/Assets
GfxDevice: creating device client; threaded=0
Direct3D:
    Version:  Direct3D 11.0 [level 11.1]
    Renderer: NVIDIA GeForce GTX 1660 (ID=0x2184)
    Vendor:   
    VRAM:     5991 MB
    Driver:   30.0.14.7196
Initialize mono
Mono path[0] = 'C:/Program Files/Unity/Hub/Editor/2020.3.26f1/Editor/Data/Managed'
Mono path[1] = 'C:/Program Files/Unity/Hub/Editor/2020.3.26f1/Editor/Data/MonoBleedingEdge/lib/mono/unityjit'
Mono config path = 'C:/Program Files/Unity/Hub/Editor/2020.3.26f1/Editor/Data/MonoBleedingEdge/etc'
Using monoOptions --debugger-agent=transport=dt_socket,embedding=1,server=y,suspend=n,address=127.0.0.1:56504
Begin MonoManager ReloadAssembly
Registering precompiled unity dll's ...
Register platform support module: C:/Program Files/Unity/Hub/Editor/2020.3.26f1/Editor/Data/PlaybackEngines/WindowsStandaloneSupport/UnityEditor.WindowsStandalone.Extensions.dll
Registered in 0.001998 seconds.
Native extension for WindowsStandalone target not found
Refreshing native plugins compatible for Editor in 43.59 ms, found 3 plugins.
Preloading 0 native plugins for Editor in 0.00 ms.
Mono: successfully reloaded assembly
- Completed reload, in  0.561 seconds
Domain Reload Profiling:
	ReloadAssembly (561ms)
		BeginReloadAssembly (51ms)
			ExecutionOrderSort (0ms)
			DisableScriptedObjects (0ms)
			BackupInstance (0ms)
			ReleaseScriptingObjects (0ms)
			CreateAndSetChildDomain (1ms)
		EndReloadAssembly (436ms)
			LoadAssemblies (49ms)
			RebuildTransferFunctionScriptingTraits (0ms)
			SetupTypeCache (141ms)
			ReleaseScriptCaches (0ms)
			RebuildScriptCaches (29ms)
			SetupLoadedEditorAssemblies (166ms)
				LogAssemblyErrors (0ms)
				InitializePlatformSupportModulesInManaged (4ms)
				SetLoadedEditorAssemblies (0ms)
				RefreshPlugins (44ms)
				BeforeProcessingInitializeOnLoad (13ms)
				ProcessInitializeOnLoadAttributes (78ms)
				ProcessInitializeOnLoadMethodAttributes (27ms)
				AfterProcessingInitializeOnLoad (0ms)
				EditorAssembliesLoaded (0ms)
			ExecutionOrderSort2 (0ms)
			AwakeInstancesAfterBackupRestoration (0ms)
Platform modules already initialized, skipping
Registering precompiled user dll's ...
Registered in 0.004550 seconds.
Begin MonoManager ReloadAssembly
Native extension for WindowsStandalone target not found
Refreshing native plugins compatible for Editor in 43.37 ms, found 3 plugins.
Preloading 0 native plugins for Editor in 0.00 ms.
Mono: successfully reloaded assembly
- Completed reload, in  1.088 seconds
Domain Reload Profiling:
	ReloadAssembly (1089ms)
		BeginReloadAssembly (146ms)
			ExecutionOrderSort (0ms)
			DisableScriptedObjects (6ms)
			BackupInstance (0ms)
			ReleaseScriptingObjects (0ms)
			CreateAndSetChildDomain (19ms)
		EndReloadAssembly (880ms)
			LoadAssemblies (88ms)
			RebuildTransferFunctionScriptingTraits (0ms)
			SetupTypeCache (292ms)
			ReleaseScriptCaches (1ms)
			RebuildScriptCaches (45ms)
			SetupLoadedEditorAssemblies (334ms)
				LogAssemblyErrors (0ms)
				InitializePlatformSupportModulesInManaged (4ms)
				SetLoadedEditorAssemblies (0ms)
				RefreshPlugins (43ms)
				BeforeProcessingInitializeOnLoad (78ms)
				ProcessInitializeOnLoadAttributes (186ms)
				ProcessInitializeOnLoadMethodAttributes (17ms)
				AfterProcessingInitializeOnLoad (6ms)
				EditorAssembliesLoaded (0ms)
			ExecutionOrderSort2 (0ms)
			AwakeInstancesAfterBackupRestoration (6ms)
Platform modules already initialized, skipping
========================================================================
Worker process is ready to serve import requests
Launched and connected shader compiler UnityShaderCompiler.exe after 0.06 seconds
Refreshing native plugins compatible for Editor in 0.73 ms, found 3 plugins.
Preloading 0 native plugins for Editor in 0.00 ms.
Unloading 2197 Unused Serialized files (Serialized files now loaded: 0)
System memory in use before: 95.8 MB.
System memory in use after: 95.9 MB.

Unloading 28 unused Assets to reduce memory usage. Loaded Objects now: 2630.
Total: 3.295100 ms (FindLiveObjects: 0.268000 ms CreateObjectMapping: 0.054200 ms MarkObjects: 2.877100 ms  DeleteObjects: 0.094300 ms)

AssetImportParameters requested are different than current active one (requested -> active):
  custom:framework-win-MediaFoundation: 216162199b28c13a410421893ffa2e32 -> 
  custom:video-decoder-ogg-theora: a1e56fd34408186e4bbccfd4996cb3dc -> 
  custom:container-muxer-webm: aa71ff27fc2769a1b78a27578f13a17b -> 
  custom:container-demuxer-webm: 4f35f7cbe854078d1ac9338744f61a02 -> 
  custom:container-demuxer-ogg: 62fdf1f143b41e24485cea50d1cbac27 -> 
  custom:video-encoder-webm-vp8: eb34c28f22e8b96e1ab97ce403110664 -> 
  custom:video-decoder-webm-vp8: 9c59270c3fd7afecdb556c50c9e8de78 -> 
  custom:audio-decoder-ogg-vorbis: bf7c407c2cedff20999df2af8eb42d56 -> 
  custom:audio-encoder-webm-vorbis: bf7c407c2cedff20999df2af8eb42d56 -> 
========================================================================
Received Import Request.
  path: Assets
  artifactKey: Guid(00000000000000001000000000000000) Importer(815301076,1909f56bfc062723c751e8b465ee728b)
Start importing Assets using Guid(00000000000000001000000000000000) Importer(815301076,1909f56bfc062723c751e8b465ee728b)  -> (artifact id: '42d402b061de3733987d63b9cc3b64de') in 0.010828 seconds 
  Import took 0.014950 seconds .

========================================================================
Received Import Request.
  Time since last request: 8.651218 seconds.
  path: Assets/0_Project
  artifactKey: Guid(37cc87199036b33459a159b7ec0c0daa) Importer(815301076,1909f56bfc062723c751e8b465ee728b)
Start importing Assets/0_Project using Guid(37cc87199036b33459a159b7ec0c0daa) Importer(815301076,1909f56bfc062723c751e8b465ee728b)  -> (artifact id: '8fc8d7fb812352c11a89710e2868bd08') in 0.007900 seconds 
  Import took 0.012096 seconds .

========================================================================
Received Import Request.
  Time since last request: 2.216602 seconds.
  path: Assets/0_Project/Scenes
  artifactKey: Guid(b04b58e26ec80ef45917dd3f035bfaba) Importer(815301076,1909f56bfc062723c751e8b465ee728b)
Start importing Assets/0_Project/Scenes using Guid(b04b58e26ec80ef45917dd3f035bfaba) Importer(815301076,1909f56bfc062723c751e8b465ee728b)  -> (artifact id: '9539033905fd0eecf29466c0fba4a1c2') in 0.008258 seconds 
  Import took 0.011981 seconds .

========================================================================
Received Import Request.
  Time since last request: 0.368865 seconds.
  path: Assets/0_Project/Scenes/SampleScene.unity
  artifactKey: Guid(2cda990e2423bbf4892e6590ba056729) Importer(815301076,1909f56bfc062723c751e8b465ee728b)
Start importing Assets/0_Project/Scenes/SampleScene.unity using Guid(2cda990e2423bbf4892e6590ba056729) Importer(815301076,1909f56bfc062723c751e8b465ee728b)  -> (artifact id: 'aa27944bdea339c97c39027c7eea529c') in 0.014535 seconds 
  Import took 0.018488 seconds .

========================================================================
Received Import Request.
  Time since last request: 8.351503 seconds.
  path: Assets/0_Project/Scripts
  artifactKey: Guid(6d1caef11774b9e42a2c1377c7874c40) Importer(815301076,1909f56bfc062723c751e8b465ee728b)
Start importing Assets/0_Project/Scripts using Guid(6d1caef11774b9e42a2c1377c7874c40) Importer(815301076,1909f56bfc062723c751e8b465ee728b)  -> (artifact id: 'deee265ec1e6ceb48a510c8ad18bca4c') in 0.006092 seconds 
  Import took 0.009772 seconds .

========================================================================
Received Import Request.
  Time since last request: 8.159680 seconds.
  path: Assets/0_Project/0_Scripts
  artifactKey: Guid(6d1caef11774b9e42a2c1377c7874c40) Importer(815301076,1909f56bfc062723c751e8b465ee728b)
Start importing Assets/0_Project/0_Scripts using Guid(6d1caef11774b9e42a2c1377c7874c40) Importer(815301076,1909f56bfc062723c751e8b465ee728b)  -> (artifact id: '2644cbdf69f579886bf90133969f71f6') in 0.007345 seconds 
  Import took 0.011060 seconds .

========================================================================
Received Import Request.
  Time since last request: 11.996319 seconds.
  path: Assets/0_Project/1_Scripts
  artifactKey: Guid(b04b58e26ec80ef45917dd3f035bfaba) Importer(815301076,1909f56bfc062723c751e8b465ee728b)
Start importing Assets/0_Project/1_Scripts using Guid(b04b58e26ec80ef45917dd3f035bfaba) Importer(815301076,1909f56bfc062723c751e8b465ee728b)  -> (artifact id: '8fd9695285cd2cb4a66158a6f3878019') in 0.006350 seconds 
  Import took 0.009789 seconds .

========================================================================
Received Import Request.
  Time since last request: 6.264634 seconds.
  path: Assets/0_Project/0_Sceme
  artifactKey: Guid(6d1caef11774b9e42a2c1377c7874c40) Importer(815301076,1909f56bfc062723c751e8b465ee728b)
Start importing Assets/0_Project/0_Sceme using Guid(6d1caef11774b9e42a2c1377c7874c40) Importer(815301076,1909f56bfc062723c751e8b465ee728b)  -> (artifact id: '29b81fed47d7856edb3ad9de5081463d') in 0.006713 seconds 
  Import took 0.010821 seconds .

========================================================================
Received Import Request.
  Time since last request: 2.298392 seconds.
  path: Assets/0_Project/Scene
  artifactKey: Guid(6d1caef11774b9e42a2c1377c7874c40) Importer(815301076,1909f56bfc062723c751e8b465ee728b)
Start importing Assets/0_Project/Scene using Guid(6d1caef11774b9e42a2c1377c7874c40) Importer(815301076,1909f56bfc062723c751e8b465ee728b)  -> (artifact id: 'c23979aff0f86311be714d391d963650') in 0.006327 seconds 
  Import took 0.009767 seconds .

========================================================================
Received Import Request.
  Time since last request: 2.929967 seconds.
  path: Assets/0_Project/0_Scene
  artifactKey: Guid(6d1caef11774b9e42a2c1377c7874c40) Importer(815301076,1909f56bfc062723c751e8b465ee728b)
Start importing Assets/0_Project/0_Scene using Guid(6d1caef11774b9e42a2c1377c7874c40) Importer(815301076,1909f56bfc062723c751e8b465ee728b)  -> (artifact id: 'ea499903d17db1cb9a2cea8d8a1863d8') in 0.006881 seconds 
  Import took 0.011121 seconds .

========================================================================
Received Import Request.
  Time since last request: 6.547840 seconds.
  path: Assets/0_Project/3_Assets
  artifactKey: Guid(ed41c65da541b6f4b90897757cbbf7d1) Importer(815301076,1909f56bfc062723c751e8b465ee728b)
Start importing Assets/0_Project/3_Assets using Guid(ed41c65da541b6f4b90897757cbbf7d1) Importer(815301076,1909f56bfc062723c751e8b465ee728b)  -> (artifact id: 'cea5453179cf4caa3f4e1fcdac3a252a') in 0.006958 seconds 
  Import took 0.011097 seconds .

AssetImportWorkerClient::OnTransportError - code=2 error=End of file
